<?xml version="1.0" encoding="UTF-8"?>
<testng-results skipped="0" failed="0" total="1" passed="1">
  <reporter-output>
  </reporter-output>
  <suite name="Default suite" duration-ms="67041" started-at="2016-07-17T17:58:51Z" finished-at="2016-07-17T17:59:58Z">
    <groups>
    </groups>
    <test name="Default test" duration-ms="67041" started-at="2016-07-17T17:58:51Z" finished-at="2016-07-17T17:59:58Z">
      <class name="seleniumGrid.GridDemo">
        <test-method status="PASS" signature="test1()[pri:0, instance:seleniumGrid.GridDemo@3cb5cdba]" name="test1" duration-ms="67002" started-at="2016-07-17T23:28:51Z" finished-at="2016-07-17T23:29:58Z">
          <reporter-output>
          </reporter-output>
        </test-method> <!-- test1 -->
      </class> <!-- seleniumGrid.GridDemo -->
    </test> <!-- Default test -->
  </suite> <!-- Default suite -->
</testng-results>
