<?xml version="1.0" encoding="UTF-8"?>
<!-- Generated by org.testng.reporters.JUnitXMLReporter -->
<testsuite hostname="Mukesh" name="Test" tests="1" failures="1" timestamp="16 Jul 2016 17:49:12 GMT" time="78.95" errors="0">
  <testcase name="verifyAccountLink" time="10.526" classname="Testcases.VerifyHomePage">
    <failure type="java.lang.AssertionError" message="expected [true] but found [false]">
      <![CDATA[java.lang.AssertionError: expected [true] but found [false]
	at Pages.LoginPage.LoginToApplication(LoginPage.java:57)
	at Testcases.VerifyHomePage.verifyAccountLink(VerifyHomePage.java:27)
... Removed 28 stack frames]]>
    </failure>
  </testcase> <!-- verifyAccountLink -->
</testsuite> <!-- Test -->
