<?xml version="1.0" encoding="UTF-8"?>
<!-- Generated by org.testng.reporters.JUnitXMLReporter -->
<testsuite hostname="Mukesh" name="TestIE" tests="4" failures="0" timestamp="16 Jul 2016 07:48:26 GMT" time="139.072" errors="0">
  <testcase name="createAccount" time="5.584" classname="Testcases.DDTWithExcel1"/>
  <testcase name="createAccount" time="5.392" classname="Testcases.DDTWithExcel1"/>
  <testcase name="createAccount" time="6.502" classname="Testcases.DDTWithExcel1"/>
  <testcase name="createAccount" time="4.163" classname="Testcases.DDTWithExcel1"/>
</testsuite> <!-- TestIE -->
